<?xml version="1.0" encoding="UTF-8"?>
<testsuite xmlns:xsi="http://www.w3.org/2001/XMLSchema-instance" xsi:noNamespaceSchemaLocation="https://maven.apache.org/surefire/maven-surefire-plugin/xsd/surefire-test-report-3.0.xsd" version="3.0" name="com.hospitalmanagement.UserTest" time="0.007" tests="7" errors="0" skipped="0" failures="0">
  <properties>
[...]
</properties>
  <testcase name="testRoleBasedUserCreation" classname="com.hospitalmanagement.UserTest" time="0.0"/>
  <testcase name="testUserPasswordSecurity" classname="com.hospitalmanagement.UserTest" time="0.001"/>
  <testcase name="testDifferentUserRoles" classname="com.hospitalmanagement.UserTest" time="0.0"/>
  <testcase name="testUserFieldsSettersAndGetters" classname="com.hospitalmanagement.UserTest" time="0.0"/>
  <testcase name="testUserEmailFormatValidation" classname="com.hospitalmanagement.UserTest" time="0.004"/>
  <testcase name="testUserCreationAndValidation" classname="com.hospitalmanagement.UserTest" time="0.0"/>
  <testcase name="testUserPhoneNumberFormatValidation" classname="com.hospitalmanagement.UserTest" time="0.0"/>
</testsuite>